<?xml version="1.0" encoding="UTF-8"?>
<!-- Generated by org.testng.reporters.JUnitXMLReporter -->
<testsuite hostname="197NODMB22153-2.local" ignored="0" name="Surefire test" tests="6" failures="0" timestamp="16 May 2020 18:52:00 GMT" time="0.057" errors="0">
  <testcase name="appclass" time="0.008" classname="qaclickacademy.appTest"/>
  <testcase name="app" time="0.0" classname="qaclickacademy.appiumTest"/>
  <testcase name="app1" time="0.0" classname="qaclickacademy.appiumTest"/>
  <testcase name="browserautomation" time="0.003" classname="qaclickacademy.restTest"/>
  <testcase name="web" time="0.001" classname="qaclickacademy.seleniumTest"/>
  <testcase name="web1" time="0.001" classname="qaclickacademy.seleniumTest"/>
</testsuite> <!-- Surefire test -->
