<?xml version="1.0" encoding="UTF-8"?>
<!-- Generated by org.testng.reporters.JUnitXMLReporter -->
<testsuite hostname="197NODMB22153-2.local" ignored="0" name="Test" tests="3" failures="0" timestamp="16 May 2020 18:52:25 GMT" time="0.069" errors="0">
  <testcase name="app" time="0.01" classname="qaclickacademy.appiumTest"/>
  <testcase name="app1" time="0.001" classname="qaclickacademy.appiumTest"/>
  <testcase name="appclass" time="0.0" classname="qaclickacademy.appTest"/>
</testsuite> <!-- Test -->
